make.exe all --print-data-base --no-builtin-variables --no-builtin-rules --question
# GNU Make 3.81
# Copyright (C) 2006  Free Software Foundation, Inc.
# This is free software; see the source for copying conditions.
# There is NO warranty; not even for MERCHANTABILITY or FITNESS FOR A
# PARTICULAR PURPOSE.

# This program built for i686-pc-msys

# Make data base, printed on Tue May 18 11:14:36 2021

# Variables

# automatic
<D = $(patsubst %/,%,$(dir $<))
# automatic
?F = $(notdir $?)
# makefile
MAKEFLAGS = Rrqp
# environment
VSCODE_LOG_NATIVE = false
# automatic
?D = $(patsubst %/,%,$(dir $?))
# automatic
@D = $(patsubst %/,%,$(dir $@))
# environment
HOMEDRIVE = C:
# automatic
@F = $(notdir $@)
# automatic
^D = $(patsubst %/,%,$(dir $^))
# makefile
CURDIR := /c/Users/Jacky/Desktop/Side Project/Leetcode
# default
SHELL := /bin/sh
# environment
WINDIR = C:\WINDOWS
# environment
VSCODE_NLS_CONFIG = {"locale":"zh-tw","availableLanguages":{"*":"zh-tw"},"_languagePackId":"632adc0783eb2000b93a10660cd8298b.zh-tw","_translationsConfigFile":"C:\\Users\\Jacky\\AppData\\Roaming\\Code\\clp\\632adc0783eb2000b93a10660cd8298b.zh-tw\\tcf.json","_cacheRoot":"C:\\Users\\Jacky\\AppData\\Roaming\\Code\\clp\\632adc0783eb2000b93a10660cd8298b.zh-tw","_resolvedLanguagePackCoreLocation":"C:\\Users\\Jacky\\AppData\\Roaming\\Code\\clp\\632adc0783eb2000b93a10660cd8298b.zh-tw\\054a9295330880ed74ceaedda236253b4f39a335","_corruptedFile":"C:\\Users\\Jacky\\AppData\\Roaming\\Code\\clp\\632adc0783eb2000b93a10660cd8298b.zh-tw\\corrupted.info","_languagePackSupport":true}
# environment
PYCHARM COMMUNITY EDITION = C:\Program Files\JetBrains\PyCharm Community Edition 2020.2.3\bin;
# environment
ONEDRIVE = C:\Users\Jacky\OneDrive
# environment
PATHEXT = .COM;.EXE;.BAT;.CMD;.VBS;.VBE;.JS;.JSE;.WSF;.WSH;.MSC;.PY;.PYW;.RB;.RBW
# makefile (from `Makefile', line 1)
MAKEFILE_LIST :=  Makefile
# environment
FPS_BROWSER_USER_PROFILE_STRING = Default
# environment
VSCODE_NODE_CACHED_DATA_DIR = C:\Users\Jacky\AppData\Roaming\Code\CachedData\054a9295330880ed74ceaedda236253b4f39a335
# environment
TMP = /tmp
# environment
VSCODE_VERBOSE_LOGGING = true
# environment
PROGRAMW6432 = C:\Program Files
# environment
PROGRAMDATA = C:\ProgramData
# environment
VSCODE_IPC_HOOK_EXTHOST = \\.\pipe\vscode-ipc-fd4376e6-7f53-48e7-be02-6633795681b6-sock
# environment
VSCODE_CWD = C:\Users\Jacky\AppData\Local\Programs\Microsoft VS Code
# environment
PATH = /c/Program Files (x86)/Razer/ChromaBroadcast/bin:/c/Program Files/Razer/ChromaBroadcast/bin:/c/Python38/Scripts/:/c/Python38/:/c/Windows/system32:/c/Windows:/c/Windows/System32/Wbem:/c/Windows/System32/WindowsPowerShell/v1.0/:/c/Windows/System32/OpenSSH/:/c/Program Files (x86)/NVIDIA Corporation/PhysX/Common:/c/Program Files/dotnet/:/c/Program Files/Microsoft SQL Server/130/Tools/Binn/:/c/Program Files/TortoiseSVN/bin:/c/Users/Jacky/AppData/Local/Android/Sdk/tools:/c/Users/Jacky/AppData/Local/Android/Sdk/platform-tools:/c/WINDOWS/system32:/c/WINDOWS:/c/WINDOWS/System32/Wbem:/c/WINDOWS/System32/WindowsPowerShell/v1.0/:/c/WINDOWS/System32/OpenSSH/:/c/Program Files (x86)/Microsoft SQL Server/100/Tools/Binn/:/c/Program Files/Microsoft SQL Server/100/Tools/Binn/:/c/Program Files/Microsoft SQL Server/100/DTS/Binn/:/c/Program Files/NVIDIA Corporation/NVIDIA NvDLISR:/c/Program Files (x86)/Calibre2/:/c/Program Files (x86)/VanDyke Software/Clients/:/c/Program Files/PuTTY/:/c/Program Files (x86)/Intel/Intel(R) Management Engine Components/DAL:/c/Program Files/Intel/Intel(R) Management Engine Components/DAL:/c/Program Files/CMake/bin:/c/Program Files/VanDyke Software/ClientPack/:/mingw/bin:/c/ProgramData/chocolatey/bin:/c/Users/Jacky/AppData/Local/Microsoft/WindowsApps:/c/Users/Jacky/.dotnet/tools:/c/Program Files/Microsoft SQL Server/Client SDK/ODBC/170/Tools/Binn/:/c/Strawberry/c/bin:/c/Strawberry/perl/site/bin:/c/Strawberry/perl/bin:/c/Program Files/Git/cmd:/c/WINDOWS/system32:/c/WINDOWS:/c/WINDOWS/System32/Wbem:/c/WINDOWS/System32/WindowsPowerShell/v1.0/:/c/WINDOWS/System32/OpenSSH/:/c/Program Files/nodejs/:/c/Program Files/LLVM/bin:/c/Ruby27-x64/bin:/c/Program Files/MySQL/MySQL Shell 8.0/bin/:/c/Users/Jacky/AppData/Local/GitHubDesktop/bin:/c/Users/Jacky/AppData/Local/Programs/Microsoft VS Code/bin:/c/Program Files/Bandizip/:/c/Program Files/heroku/bin:/c/Users/Jacky/AppData/Roaming/npm:/usr/bin
# environment
COMMONPROGRAMW6432 = C:\Program Files\Common Files
# environment
ZES_ENABLE_SYSMAN = 1
# environment
CHOCOLATEYLASTPATHUPDATE = 132365069688856330
# environment
PROCESSOR_ARCHITECTURE = x86
# environment
USERPROFILE = C:\Users\Jacky
# environment
CHOCOLATEYINSTALL = C:\ProgramData\chocolatey
# environment
RUBYOPT = -Eutf-8
# environment
!C: = c:\Users\Jacky\Desktop\Side Project\Leetcode
# environment
ALLUSERSPROFILE = C:\ProgramData
# environment
VSCODE_LOG_STACK = false
# environment
NUMBER_OF_PROCESSORS = 12
# environment
ELECTRON_RUN_AS_NODE = 1
# default
.FEATURES := target-specific order-only second-expansion else-if archives jobserver check-symlink
# automatic
%F = $(notdir $%)
# environment
CHROME_CRASHPAD_PIPE_NAME = \\.\pipe\crashpad_18988_EVKCSFGXUZICQVMD
# environment
VSCODE_PIPE_LOGGING = true
# environment
COMPUTERNAME = T00T-NB
# environment
PROGRAMFILES = C:\Program Files (x86)
# environment
DRIVERDATA = C:\Windows\System32\Drivers\DriverData
# environment
ORIGINAL_XDG_CURRENT_DESKTOP = undefined
# environment
USERNAME = Jacky
# environment
PUBLIC = C:\Users\Public
# environment
VSCODE_AMD_ENTRYPOINT = vs/workbench/services/extensions/node/extensionHostProcess
# environment
APPLICATION_INSIGHTS_NO_DIAGNOSTIC_CHANNEL = true
# environment
COMMONPROGRAMFILES = C:\Program Files (x86)\Common Files
# environment
LOGONSERVER = \\T00T-NB
# environment
ONEDRIVECONSUMER = C:\Users\Jacky\OneDrive
# environment
VSCODE_HANDLES_UNCAUGHT_ERRORS = true
# environment
USERDOMAIN = T00T-NB
# default
MAKE = $(MAKE_COMMAND)
# default
MAKECMDGOALS := all
# makefile (from `Makefile', line 1)
CC = gcc
# default
MAKE_VERSION := 3.81
# makefile
 
"make.exe": *** No rule to make target `helloWord.o', needed by `helloWord'.  Stop.
 
.DEFAULT_GOAL := all
# environment
PROGRAMFILES(X86) = C:\Program Files (x86)
# automatic
%D = $(patsubst %/,%,$(dir $%))
# environment
LOCALAPPDATA = C:\Users\Jacky\AppData\Local
# environment
PSMODULEPATH = C:\Program Files\WindowsPowerShell\Modules;C:\WINDOWS\system32\WindowsPowerShell\v1.0\Modules
# default
MAKE_COMMAND := "make.exe"
# environment
PROCESSOR_ARCHITEW6432 = AMD64
# environment
VS150COMCOMNTOOLS = C:\Program Files (x86)\Microsoft Visual Studio\2017\Community\Common7\Tools\
# default
.VARIABLES := 
# automatic
*F = $(notdir $*)
# environment
PROCESSOR_IDENTIFIER = Intel64 Family 6 Model 158 Stepping 10, GenuineIntel
# environment
OS = Windows_NT
# environment
VSCODE_IPC_HOOK = \\.\pipe\b9fa44b61dbe496dc6705310e6ca12ac-1.56.2-main-sock
# environment
HOMEPATH = \
# environment
COMMONPROGRAMFILES(X86) = C:\Program Files (x86)\Common Files
# environment
PROMPT = $P$G
# environment
MFLAGS = -Rrqp
# automatic
*D = $(patsubst %/,%,$(dir $*))
# environment
SYSTEMROOT = C:\WINDOWS
# automatic
+D = $(patsubst %/,%,$(dir $+))
# automatic
+F = $(notdir $+)
# environment
APPDATA = C:\Users\Jacky\AppData\Roaming
# environment
__COMPAT_LAYER = RunAsAdmin
# environment
TEMP = /tmp
# environment
COMSPEC = C:\WINDOWS\system32\cmd.exe
# default
MAKEFILES := 
# automatic
<F = $(notdir $<)
# environment
VS160COMCOMNTOOLS = C:\Program Files (x86)\Microsoft Visual Studio\2019\Community\Common7\Tools\
# environment
LC_ALL = C
# automatic
^F = $(notdir $^)
# default
SUFFIXES := 
# environment
SYSTEMDRIVE = C:
# environment
PROCESSOR_REVISION = 9e0a
# environment
PYCHARM = C:\Program Files\JetBrains\PyCharm 2020.1.2\bin;
# default
.INCLUDE_DIRS = /usr/include /usr/include
# environment
MAKELEVEL := 0
# environment
LANG = C
# environment
PROCESSOR_LEVEL = 6
# environment
TERM = cygwin
# environment
FPS_BROWSER_APP_PROFILE_STRING = Internet Explorer
# environment
VSCODE_PID = 18988
# environment
USERDOMAIN_ROAMINGPROFILE = T00T-NB
# variable set hash-table stats:
# Load=101/1024=10%, Rehash=0, Collisions=10/126=8%

# Pattern-specific Variable Values

# No pattern-specific variable values.

# Directories

# . (device -24473, inode 7883505): 9 files, no impossibilities.

# 9 files, no impossibilities in 1 directories.

# Implicit Rules

# No implicit rules.

# Files

all: helloWord
#  Command-line target.
#  Implicit rule search has been done.
#  File does not exist.
#  File has not been updated.
# variable set hash-table stats:
# Load=0/32=0%, Rehash=0, Collisions=0/0=0%

# Not a target:
.SUFFIXES:
#  Implicit rule search has not been done.
#  Modification time never checked.
#  File has not been updated.

# Not a target:
Makefile:
#  Implicit rule search has been done.
 
#  Last modified 2021-05-18 11:14:33
#  File has been updated.
#  Successfully updated.
# variable set hash-table stats:
# Load=0/32=0%, Rehash=0, Collisions=0/0=0%

helloWord: helloWord.o
#  Implicit rule search has not been done.
#  File does not exist.
#  File has not been updated.
# variable set hash-table stats:
# Load=0/32=0%, Rehash=0, Collisions=0/0=0%
#  commands to execute (from `Makefile', line 4):
	$(CC) -o $@ $< 
	

# Not a target:
helloWord.o:
#  Implicit rule search has been done.
#  File does not exist.
#  File has not been updated.
# variable set hash-table stats:
# Load=0/32=0%, Rehash=0, Collisions=0/0=0%

# Not a target:
.DEFAULT:
#  Implicit rule search has not been done.
#  Modification time never checked.
#  File has not been updated.

clean:
#  Implicit rule search has not been done.
#  Modification time never checked.
#  File has not been updated.
#  commands to execute (from `Makefile', line 7):
	rm -f *.o *.exe
	

# files hash-table stats:
# Load=7/1024=1%, Rehash=0, Collisions=1/21=5%
# VPATH Search Paths

# No `vpath' search paths.

# No general (`VPATH' variable) search path.

# # of strings in strcache: 1
# # of strcache buffers: 1
# strcache size: total = 4096 / max = 4096 / min = 4096 / avg = 4096
# strcache free: total = 4087 / max = 4087 / min = 4087 / avg = 4087

# Finished Make data base on Tue May 18 11:14:36 2021

 
